[35m[1mScanning dependencies of target _slam_toolbox_msgs_generate_messages_check_deps_MergeMaps[0m
[35m[1mScanning dependencies of target _slam_toolbox_msgs_generate_messages_check_deps_DeserializePoseGraph[0m
[35m[1mScanning dependencies of target _slam_toolbox_msgs_generate_messages_check_deps_Clear[0m
[35m[1mScanning dependencies of target _slam_toolbox_msgs_generate_messages_check_deps_Reset[0m
[35m[1mScanning dependencies of target _slam_toolbox_msgs_generate_messages_check_deps_AddSubmap[0m
[35m[1mScanning dependencies of target std_srvs_generate_messages_nodejs[0m
[35m[1mScanning dependencies of target _slam_toolbox_msgs_generate_messages_check_deps_LoopClosure[0m
[  0%] Built target std_srvs_generate_messages_nodejs
[35m[1mScanning dependencies of target _slam_toolbox_msgs_generate_messages_check_deps_SaveMap[0m
[  0%] Built target _slam_toolbox_msgs_generate_messages_check_deps_DeserializePoseGraph
[  0%] Built target _slam_toolbox_msgs_generate_messages_check_deps_Reset
[  0%] Built target _slam_toolbox_msgs_generate_messages_check_deps_AddSubmap
[  0%] Built target _slam_toolbox_msgs_generate_messages_check_deps_Clear
[  0%] Built target _slam_toolbox_msgs_generate_messages_check_deps_MergeMaps
[35m[1mScanning dependencies of target geometry_msgs_generate_messages_nodejs[0m
[  0%] Built target _slam_toolbox_msgs_generate_messages_check_deps_LoopClosure
[35m[1mScanning dependencies of target _slam_toolbox_msgs_generate_messages_check_deps_Pause[0m
[35m[1mScanning dependencies of target std_msgs_generate_messages_nodejs[0m
[35m[1mScanning dependencies of target _slam_toolbox_msgs_generate_messages_check_deps_ClearQueue[0m
[35m[1mScanning dependencies of target _slam_toolbox_msgs_generate_messages_check_deps_SerializePoseGraph[0m
[  0%] Built target geometry_msgs_generate_messages_nodejs
[35m[1mScanning dependencies of target _slam_toolbox_msgs_generate_messages_check_deps_ToggleInteractive[0m
[  0%] Built target std_msgs_generate_messages_nodejs
[  0%] Built target _slam_toolbox_msgs_generate_messages_check_deps_SaveMap
[35m[1mScanning dependencies of target std_msgs_generate_messages_eus[0m
[35m[1mScanning dependencies of target std_srvs_generate_messages_eus[0m
[  0%] Built target std_msgs_generate_messages_eus
[35m[1mScanning dependencies of target geometry_msgs_generate_messages_eus[0m
[  0%] Built target std_srvs_generate_messages_eus
[35m[1mScanning dependencies of target std_msgs_generate_messages_cpp[0m
[  0%] Built target geometry_msgs_generate_messages_eus
[  0%] Built target _slam_toolbox_msgs_generate_messages_check_deps_SerializePoseGraph
[35m[1mScanning dependencies of target geometry_msgs_generate_messages_cpp[0m
[35m[1mScanning dependencies of target std_srvs_generate_messages_cpp[0m
[  0%] Built target std_msgs_generate_messages_cpp
[  0%] Built target _slam_toolbox_msgs_generate_messages_check_deps_Pause
[  0%] Built target _slam_toolbox_msgs_generate_messages_check_deps_ClearQueue
[35m[1mScanning dependencies of target std_srvs_generate_messages_lisp[0m
[  0%] Built target std_srvs_generate_messages_cpp
[  0%] Built target geometry_msgs_generate_messages_cpp
[35m[1mScanning dependencies of target geometry_msgs_generate_messages_lisp[0m
[  0%] Built target _slam_toolbox_msgs_generate_messages_check_deps_ToggleInteractive
[35m[1mScanning dependencies of target std_msgs_generate_messages_lisp[0m
[  0%] Built target std_srvs_generate_messages_lisp
[35m[1mScanning dependencies of target std_msgs_generate_messages_py[0m
[35m[1mScanning dependencies of target geometry_msgs_generate_messages_py[0m
[35m[1mScanning dependencies of target std_srvs_generate_messages_py[0m
[  0%] Built target geometry_msgs_generate_messages_lisp
[35m[1mScanning dependencies of target slam_toolbox_msgs_generate_messages_nodejs[0m
[  0%] Built target std_msgs_generate_messages_lisp
[  0%] Built target std_msgs_generate_messages_py
[  0%] Built target geometry_msgs_generate_messages_py
[35m[1mScanning dependencies of target slam_toolbox_msgs_generate_messages_eus[0m
[  0%] Built target std_srvs_generate_messages_py
[35m[1mScanning dependencies of target slam_toolbox_msgs_generate_messages_cpp[0m
[  1%] [34m[1mGenerating Javascript code from slam_toolbox_msgs/Pause.srv[0m
[  3%] [34m[1mGenerating Javascript code from slam_toolbox_msgs/ClearQueue.srv[0m
[  5%] [34m[1mGenerating Javascript code from slam_toolbox_msgs/Clear.srv[0m
[  7%] [34m[1mGenerating Javascript code from slam_toolbox_msgs/ToggleInteractive.srv[0m
[  8%] [34m[1mGenerating Javascript code from slam_toolbox_msgs/SaveMap.srv[0m
[ 10%] [34m[1mGenerating EusLisp code from slam_toolbox_msgs/Pause.srv[0m
[ 12%] [34m[1mGenerating C++ code from slam_toolbox_msgs/Pause.srv[0m
[ 14%] [34m[1mGenerating EusLisp code from slam_toolbox_msgs/ToggleInteractive.srv[0m
[ 15%] [34m[1mGenerating EusLisp code from slam_toolbox_msgs/ClearQueue.srv[0m
[ 17%] [34m[1mGenerating EusLisp code from slam_toolbox_msgs/Clear.srv[0m
[ 19%] [34m[1mGenerating EusLisp code from slam_toolbox_msgs/SaveMap.srv[0m
[ 21%] [34m[1mGenerating Javascript code from slam_toolbox_msgs/LoopClosure.srv[0m
[ 22%] [34m[1mGenerating EusLisp code from slam_toolbox_msgs/LoopClosure.srv[0m
[ 24%] [34m[1mGenerating Javascript code from slam_toolbox_msgs/MergeMaps.srv[0m
[ 26%] [34m[1mGenerating Javascript code from slam_toolbox_msgs/AddSubmap.srv[0m
[ 28%] [34m[1mGenerating Javascript code from slam_toolbox_msgs/DeserializePoseGraph.srv[0m
[ 29%] [34m[1mGenerating Javascript code from slam_toolbox_msgs/SerializePoseGraph.srv[0m
[ 31%] [34m[1mGenerating Javascript code from slam_toolbox_msgs/Reset.srv[0m
[ 33%] [34m[1mGenerating EusLisp code from slam_toolbox_msgs/MergeMaps.srv[0m
[ 35%] [34m[1mGenerating EusLisp code from slam_toolbox_msgs/AddSubmap.srv[0m
[ 36%] [34m[1mGenerating C++ code from slam_toolbox_msgs/ClearQueue.srv[0m
[ 38%] [34m[1mGenerating EusLisp code from slam_toolbox_msgs/DeserializePoseGraph.srv[0m
[ 40%] [34m[1mGenerating EusLisp code from slam_toolbox_msgs/SerializePoseGraph.srv[0m
[ 40%] Built target slam_toolbox_msgs_generate_messages_nodejs
[35m[1mScanning dependencies of target slam_toolbox_msgs_generate_messages_lisp[0m
[ 42%] [34m[1mGenerating C++ code from slam_toolbox_msgs/ToggleInteractive.srv[0m
[ 43%] [34m[1mGenerating Lisp code from slam_toolbox_msgs/Pause.srv[0m
[ 45%] [34m[1mGenerating Lisp code from slam_toolbox_msgs/ClearQueue.srv[0m
[ 47%] [34m[1mGenerating EusLisp code from slam_toolbox_msgs/Reset.srv[0m
[ 49%] [34m[1mGenerating Lisp code from slam_toolbox_msgs/ToggleInteractive.srv[0m
[ 50%] [34m[1mGenerating EusLisp manifest code for slam_toolbox_msgs[0m
[ 52%] [34m[1mGenerating Lisp code from slam_toolbox_msgs/Clear.srv[0m
[ 54%] [34m[1mGenerating Lisp code from slam_toolbox_msgs/SaveMap.srv[0m
[ 56%] [34m[1mGenerating Lisp code from slam_toolbox_msgs/LoopClosure.srv[0m
[ 57%] [34m[1mGenerating Lisp code from slam_toolbox_msgs/MergeMaps.srv[0m
[ 61%] [34m[1mGenerating C++ code from slam_toolbox_msgs/SaveMap.srv[0m
[ 61%] [34m[1mGenerating C++ code from slam_toolbox_msgs/Clear.srv[0m
[ 63%] [34m[1mGenerating Lisp code from slam_toolbox_msgs/AddSubmap.srv[0m
[ 64%] [34m[1mGenerating C++ code from slam_toolbox_msgs/LoopClosure.srv[0m
[ 66%] [34m[1mGenerating C++ code from slam_toolbox_msgs/MergeMaps.srv[0m
[ 68%] [34m[1mGenerating Lisp code from slam_toolbox_msgs/DeserializePoseGraph.srv[0m
[ 70%] [34m[1mGenerating C++ code from slam_toolbox_msgs/AddSubmap.srv[0m
[ 71%] [34m[1mGenerating Lisp code from slam_toolbox_msgs/SerializePoseGraph.srv[0m
[ 73%] [34m[1mGenerating Lisp code from slam_toolbox_msgs/Reset.srv[0m
[ 75%] [34m[1mGenerating C++ code from slam_toolbox_msgs/DeserializePoseGraph.srv[0m
[ 77%] [34m[1mGenerating C++ code from slam_toolbox_msgs/SerializePoseGraph.srv[0m
[ 77%] Built target slam_toolbox_msgs_generate_messages_lisp
[ 78%] [34m[1mGenerating C++ code from slam_toolbox_msgs/Reset.srv[0m
[35m[1mScanning dependencies of target slam_toolbox_msgs_generate_messages_py[0m
[ 80%] [34m[1mGenerating Python code from SRV slam_toolbox_msgs/Pause[0m
[ 82%] [34m[1mGenerating Python code from SRV slam_toolbox_msgs/ClearQueue[0m
[ 84%] [34m[1mGenerating Python code from SRV slam_toolbox_msgs/ToggleInteractive[0m
[ 85%] [34m[1mGenerating Python code from SRV slam_toolbox_msgs/Clear[0m
[ 87%] [34m[1mGenerating Python code from SRV slam_toolbox_msgs/SaveMap[0m
[ 89%] [34m[1mGenerating Python code from SRV slam_toolbox_msgs/LoopClosure[0m
[ 89%] Built target slam_toolbox_msgs_generate_messages_cpp
[ 91%] [34m[1mGenerating Python code from SRV slam_toolbox_msgs/MergeMaps[0m
[ 92%] [34m[1mGenerating Python code from SRV slam_toolbox_msgs/AddSubmap[0m
[ 92%] Built target slam_toolbox_msgs_generate_messages_eus
[ 94%] [34m[1mGenerating Python code from SRV slam_toolbox_msgs/DeserializePoseGraph[0m
[ 96%] [34m[1mGenerating Python code from SRV slam_toolbox_msgs/SerializePoseGraph[0m
[ 98%] [34m[1mGenerating Python code from SRV slam_toolbox_msgs/Reset[0m
[100%] [34m[1mGenerating Python srv __init__.py for slam_toolbox_msgs[0m
[100%] Built target slam_toolbox_msgs_generate_messages_py
[35m[1mScanning dependencies of target slam_toolbox_msgs_generate_messages[0m
[100%] Built target slam_toolbox_msgs_generate_messages
