Symlinking /home/mist/catking_ws/devel/include/gazebo_omni_plugins/gazebo_omni_plugins_pidConfig.h
Symlinking /home/mist/catking_ws/devel/include/gazebo_omni_plugins/gazebo_omni_plugins_pid.h
Symlinking /home/mist/catking_ws/devel/include/gazebo_omni_plugins/gazebo_omni_plugins_vel.h
Symlinking /home/mist/catking_ws/devel/lib/libgazebo_ros_omni_pid_drive.so
Symlinking /home/mist/catking_ws/devel/lib/libgazebo_ros_omni_drive_ac.so
Symlinking /home/mist/catking_ws/devel/lib/libgazebo_ros_omni_drive.so
Symlinking /home/mist/catking_ws/devel/lib/pkgconfig/gazebo_omni_plugins.pc
Symlinking /home/mist/catking_ws/devel/lib/gazebo_omni_plugins/gazebo_omni_plugin_pid
Symlinking /home/mist/catking_ws/devel/lib/python3/dist-packages/gazebo_omni_plugins/__init__.py
Symlinking /home/mist/catking_ws/devel/lib/python3/dist-packages/gazebo_omni_plugins/cfg/gazebo_omni_plugins_pidConfig.py
Symlinking /home/mist/catking_ws/devel/lib/python3/dist-packages/gazebo_omni_plugins/cfg/__init__.py
Symlinking /home/mist/catking_ws/devel/lib/python3/dist-packages/gazebo_omni_plugins/msg/_gazebo_omni_plugins_vel.py
Symlinking /home/mist/catking_ws/devel/lib/python3/dist-packages/gazebo_omni_plugins/msg/__init__.py
Symlinking /home/mist/catking_ws/devel/lib/python3/dist-packages/gazebo_omni_plugins/msg/_gazebo_omni_plugins_pid.py
Symlinking /home/mist/catking_ws/devel/share/gennodejs/ros/gazebo_omni_plugins/_index.js
Symlinking /home/mist/catking_ws/devel/share/gennodejs/ros/gazebo_omni_plugins/msg/_index.js
Symlinking /home/mist/catking_ws/devel/share/gennodejs/ros/gazebo_omni_plugins/msg/gazebo_omni_plugins_pid.js
Symlinking /home/mist/catking_ws/devel/share/gennodejs/ros/gazebo_omni_plugins/msg/gazebo_omni_plugins_vel.js
Symlinking /home/mist/catking_ws/devel/share/roseus/ros/gazebo_omni_plugins/manifest.l
Symlinking /home/mist/catking_ws/devel/share/roseus/ros/gazebo_omni_plugins/msg/gazebo_omni_plugins_pid.l
Symlinking /home/mist/catking_ws/devel/share/roseus/ros/gazebo_omni_plugins/msg/gazebo_omni_plugins_vel.l
Symlinking /home/mist/catking_ws/devel/share/common-lisp/ros/gazebo_omni_plugins/msg/_package_gazebo_omni_plugins_vel.lisp
Symlinking /home/mist/catking_ws/devel/share/common-lisp/ros/gazebo_omni_plugins/msg/gazebo_omni_plugins_vel.lisp
Symlinking /home/mist/catking_ws/devel/share/common-lisp/ros/gazebo_omni_plugins/msg/gazebo_omni_plugins-msg.asd
Symlinking /home/mist/catking_ws/devel/share/common-lisp/ros/gazebo_omni_plugins/msg/_package.lisp
Symlinking /home/mist/catking_ws/devel/share/common-lisp/ros/gazebo_omni_plugins/msg/_package_gazebo_omni_plugins_pid.lisp
Symlinking /home/mist/catking_ws/devel/share/common-lisp/ros/gazebo_omni_plugins/msg/gazebo_omni_plugins_pid.lisp
Symlinking /home/mist/catking_ws/devel/share/gazebo_omni_plugins/docs/gazebo_omni_plugins_pidConfig.dox
Symlinking /home/mist/catking_ws/devel/share/gazebo_omni_plugins/docs/gazebo_omni_plugins_pidConfig-usage.dox
Symlinking /home/mist/catking_ws/devel/share/gazebo_omni_plugins/docs/gazebo_omni_plugins_pidConfig.wikidoc
Symlinking /home/mist/catking_ws/devel/share/gazebo_omni_plugins/cmake/gazebo_omni_pluginsConfig.cmake
Symlinking /home/mist/catking_ws/devel/share/gazebo_omni_plugins/cmake/gazebo_omni_pluginsConfig-version.cmake
Symlinking /home/mist/catking_ws/devel/share/gazebo_omni_plugins/cmake/gazebo_omni_plugins-msg-paths.cmake
Symlinking /home/mist/catking_ws/devel/share/gazebo_omni_plugins/cmake/gazebo_omni_plugins-msg-extras.cmake
