Linked: (/home/mist/catking_ws/devel/.private/gazebo_omni_plugins/include/gazebo_omni_plugins/gazebo_omni_plugins_pidConfig.h, /home/mist/catking_ws/devel/include/gazebo_omni_plugins/gazebo_omni_plugins_pidConfig.h)
Linked: (/home/mist/catking_ws/devel/.private/gazebo_omni_plugins/include/gazebo_omni_plugins/gazebo_omni_plugins_pid.h, /home/mist/catking_ws/devel/include/gazebo_omni_plugins/gazebo_omni_plugins_pid.h)
Linked: (/home/mist/catking_ws/devel/.private/gazebo_omni_plugins/include/gazebo_omni_plugins/gazebo_omni_plugins_vel.h, /home/mist/catking_ws/devel/include/gazebo_omni_plugins/gazebo_omni_plugins_vel.h)
Linked: (/home/mist/catking_ws/devel/.private/gazebo_omni_plugins/lib/libgazebo_ros_omni_pid_drive.so, /home/mist/catking_ws/devel/lib/libgazebo_ros_omni_pid_drive.so)
Linked: (/home/mist/catking_ws/devel/.private/gazebo_omni_plugins/lib/libgazebo_ros_omni_drive_ac.so, /home/mist/catking_ws/devel/lib/libgazebo_ros_omni_drive_ac.so)
Linked: (/home/mist/catking_ws/devel/.private/gazebo_omni_plugins/lib/libgazebo_ros_omni_drive.so, /home/mist/catking_ws/devel/lib/libgazebo_ros_omni_drive.so)
Linked: (/home/mist/catking_ws/devel/.private/gazebo_omni_plugins/lib/pkgconfig/gazebo_omni_plugins.pc, /home/mist/catking_ws/devel/lib/pkgconfig/gazebo_omni_plugins.pc)
Linked: (/home/mist/catking_ws/devel/.private/gazebo_omni_plugins/lib/gazebo_omni_plugins/gazebo_omni_plugin_pid, /home/mist/catking_ws/devel/lib/gazebo_omni_plugins/gazebo_omni_plugin_pid)
Linked: (/home/mist/catking_ws/devel/.private/gazebo_omni_plugins/lib/python3/dist-packages/gazebo_omni_plugins/__init__.py, /home/mist/catking_ws/devel/lib/python3/dist-packages/gazebo_omni_plugins/__init__.py)
Linked: (/home/mist/catking_ws/devel/.private/gazebo_omni_plugins/lib/python3/dist-packages/gazebo_omni_plugins/cfg/gazebo_omni_plugins_pidConfig.py, /home/mist/catking_ws/devel/lib/python3/dist-packages/gazebo_omni_plugins/cfg/gazebo_omni_plugins_pidConfig.py)
Linked: (/home/mist/catking_ws/devel/.private/gazebo_omni_plugins/lib/python3/dist-packages/gazebo_omni_plugins/cfg/__init__.py, /home/mist/catking_ws/devel/lib/python3/dist-packages/gazebo_omni_plugins/cfg/__init__.py)
Linked: (/home/mist/catking_ws/devel/.private/gazebo_omni_plugins/lib/python3/dist-packages/gazebo_omni_plugins/msg/_gazebo_omni_plugins_vel.py, /home/mist/catking_ws/devel/lib/python3/dist-packages/gazebo_omni_plugins/msg/_gazebo_omni_plugins_vel.py)
Linked: (/home/mist/catking_ws/devel/.private/gazebo_omni_plugins/lib/python3/dist-packages/gazebo_omni_plugins/msg/__init__.py, /home/mist/catking_ws/devel/lib/python3/dist-packages/gazebo_omni_plugins/msg/__init__.py)
Linked: (/home/mist/catking_ws/devel/.private/gazebo_omni_plugins/lib/python3/dist-packages/gazebo_omni_plugins/msg/_gazebo_omni_plugins_pid.py, /home/mist/catking_ws/devel/lib/python3/dist-packages/gazebo_omni_plugins/msg/_gazebo_omni_plugins_pid.py)
Linked: (/home/mist/catking_ws/devel/.private/gazebo_omni_plugins/share/gennodejs/ros/gazebo_omni_plugins/_index.js, /home/mist/catking_ws/devel/share/gennodejs/ros/gazebo_omni_plugins/_index.js)
Linked: (/home/mist/catking_ws/devel/.private/gazebo_omni_plugins/share/gennodejs/ros/gazebo_omni_plugins/msg/_index.js, /home/mist/catking_ws/devel/share/gennodejs/ros/gazebo_omni_plugins/msg/_index.js)
Linked: (/home/mist/catking_ws/devel/.private/gazebo_omni_plugins/share/gennodejs/ros/gazebo_omni_plugins/msg/gazebo_omni_plugins_pid.js, /home/mist/catking_ws/devel/share/gennodejs/ros/gazebo_omni_plugins/msg/gazebo_omni_plugins_pid.js)
Linked: (/home/mist/catking_ws/devel/.private/gazebo_omni_plugins/share/gennodejs/ros/gazebo_omni_plugins/msg/gazebo_omni_plugins_vel.js, /home/mist/catking_ws/devel/share/gennodejs/ros/gazebo_omni_plugins/msg/gazebo_omni_plugins_vel.js)
Linked: (/home/mist/catking_ws/devel/.private/gazebo_omni_plugins/share/roseus/ros/gazebo_omni_plugins/manifest.l, /home/mist/catking_ws/devel/share/roseus/ros/gazebo_omni_plugins/manifest.l)
Linked: (/home/mist/catking_ws/devel/.private/gazebo_omni_plugins/share/roseus/ros/gazebo_omni_plugins/msg/gazebo_omni_plugins_pid.l, /home/mist/catking_ws/devel/share/roseus/ros/gazebo_omni_plugins/msg/gazebo_omni_plugins_pid.l)
Linked: (/home/mist/catking_ws/devel/.private/gazebo_omni_plugins/share/roseus/ros/gazebo_omni_plugins/msg/gazebo_omni_plugins_vel.l, /home/mist/catking_ws/devel/share/roseus/ros/gazebo_omni_plugins/msg/gazebo_omni_plugins_vel.l)
Linked: (/home/mist/catking_ws/devel/.private/gazebo_omni_plugins/share/common-lisp/ros/gazebo_omni_plugins/msg/_package_gazebo_omni_plugins_vel.lisp, /home/mist/catking_ws/devel/share/common-lisp/ros/gazebo_omni_plugins/msg/_package_gazebo_omni_plugins_vel.lisp)
Linked: (/home/mist/catking_ws/devel/.private/gazebo_omni_plugins/share/common-lisp/ros/gazebo_omni_plugins/msg/gazebo_omni_plugins_vel.lisp, /home/mist/catking_ws/devel/share/common-lisp/ros/gazebo_omni_plugins/msg/gazebo_omni_plugins_vel.lisp)
Linked: (/home/mist/catking_ws/devel/.private/gazebo_omni_plugins/share/common-lisp/ros/gazebo_omni_plugins/msg/gazebo_omni_plugins-msg.asd, /home/mist/catking_ws/devel/share/common-lisp/ros/gazebo_omni_plugins/msg/gazebo_omni_plugins-msg.asd)
Linked: (/home/mist/catking_ws/devel/.private/gazebo_omni_plugins/share/common-lisp/ros/gazebo_omni_plugins/msg/_package.lisp, /home/mist/catking_ws/devel/share/common-lisp/ros/gazebo_omni_plugins/msg/_package.lisp)
Linked: (/home/mist/catking_ws/devel/.private/gazebo_omni_plugins/share/common-lisp/ros/gazebo_omni_plugins/msg/_package_gazebo_omni_plugins_pid.lisp, /home/mist/catking_ws/devel/share/common-lisp/ros/gazebo_omni_plugins/msg/_package_gazebo_omni_plugins_pid.lisp)
Linked: (/home/mist/catking_ws/devel/.private/gazebo_omni_plugins/share/common-lisp/ros/gazebo_omni_plugins/msg/gazebo_omni_plugins_pid.lisp, /home/mist/catking_ws/devel/share/common-lisp/ros/gazebo_omni_plugins/msg/gazebo_omni_plugins_pid.lisp)
Linked: (/home/mist/catking_ws/devel/.private/gazebo_omni_plugins/share/gazebo_omni_plugins/docs/gazebo_omni_plugins_pidConfig.dox, /home/mist/catking_ws/devel/share/gazebo_omni_plugins/docs/gazebo_omni_plugins_pidConfig.dox)
Linked: (/home/mist/catking_ws/devel/.private/gazebo_omni_plugins/share/gazebo_omni_plugins/docs/gazebo_omni_plugins_pidConfig-usage.dox, /home/mist/catking_ws/devel/share/gazebo_omni_plugins/docs/gazebo_omni_plugins_pidConfig-usage.dox)
Linked: (/home/mist/catking_ws/devel/.private/gazebo_omni_plugins/share/gazebo_omni_plugins/docs/gazebo_omni_plugins_pidConfig.wikidoc, /home/mist/catking_ws/devel/share/gazebo_omni_plugins/docs/gazebo_omni_plugins_pidConfig.wikidoc)
Linked: (/home/mist/catking_ws/devel/.private/gazebo_omni_plugins/share/gazebo_omni_plugins/cmake/gazebo_omni_pluginsConfig.cmake, /home/mist/catking_ws/devel/share/gazebo_omni_plugins/cmake/gazebo_omni_pluginsConfig.cmake)
Linked: (/home/mist/catking_ws/devel/.private/gazebo_omni_plugins/share/gazebo_omni_plugins/cmake/gazebo_omni_pluginsConfig-version.cmake, /home/mist/catking_ws/devel/share/gazebo_omni_plugins/cmake/gazebo_omni_pluginsConfig-version.cmake)
Linked: (/home/mist/catking_ws/devel/.private/gazebo_omni_plugins/share/gazebo_omni_plugins/cmake/gazebo_omni_plugins-msg-paths.cmake, /home/mist/catking_ws/devel/share/gazebo_omni_plugins/cmake/gazebo_omni_plugins-msg-paths.cmake)
Linked: (/home/mist/catking_ws/devel/.private/gazebo_omni_plugins/share/gazebo_omni_plugins/cmake/gazebo_omni_plugins-msg-extras.cmake, /home/mist/catking_ws/devel/share/gazebo_omni_plugins/cmake/gazebo_omni_plugins-msg-extras.cmake)
